<?xml version="1.0" encoding="UTF-8"?>
<!-- Generated by org.testng.reporters.JUnitReportReporter -->
<testsuite skipped="0" hostname="DESKTOP-KKK2GI8" name="com.luzengtao.learn.ex3.TestOverLoad" tests="2" failures="0" timestamp="23 一月 2019 06:27:56 GMT" time="0.008" errors="0">
  <testcase name="testOverLoad" time="0.007" classname="com.luzengtao.learn.ex3.TestOverLoad"/>
  <testcase name="testOverLoad2" time="0.001" classname="com.luzengtao.learn.ex3.TestOverLoad"/>
</testsuite> <!-- com.luzengtao.learn.ex3.TestOverLoad -->
