<?xml version="1.0" encoding="UTF-8"?>
<!-- Generated by org.testng.reporters.JUnitReportReporter -->
<testsuite skipped="0" hostname="DESKTOP-KKK2GI8" name="com.luzengtao.Testbank.TestBank3" tests="1" failures="0" timestamp="23 一月 2019 05:52:51 GMT" time="0.008" errors="0">
  <testcase name="testBank" time="0.008" classname="com.luzengtao.Testbank.TestBank3"/>
</testsuite> <!-- com.luzengtao.Testbank.TestBank3 -->
