<?xml version="1.0" encoding="UTF-8"?>
<!-- Generated by org.testng.reporters.JUnitReportReporter -->
<testsuite skipped="0" hostname="DESKTOP-KKK2GI8" name="com.luzengtao.Testbank.TestBank2" tests="1" failures="0" timestamp="23 一月 2019 03:52:37 GMT" time="0.007" errors="0">
  <testcase name="testBank" time="0.007" classname="com.luzengtao.Testbank.TestBank2"/>
</testsuite> <!-- com.luzengtao.Testbank.TestBank2 -->
